<?xml version="1.0" encoding="UTF-8"?>
<!-- Generated by org.testng.reporters.JUnitXMLReporter -->
<testsuite ignored="0" hostname="Adi_laptop" failures="0" tests="4" name="TestParallelMethods" time="11.806" errors="0" timestamp="2024-08-27T09:14:13 IST">
  <testcase classname="TestNgDemo" name="Google" time="4.483"/>
  <testcase classname="TestNgDemo" name="Flipkart" time="5.462"/>
  <testcase classname="TestNgDemo" name="amazon" time="6.985"/>
  <testcase classname="TestNgDemo" name="facebook" time="7.262"/>
</testsuite> <!-- TestParallelMethods -->
