<?xml version="1.0" encoding="UTF-8"?>
<!-- Generated by org.testng.reporters.JUnitXMLReporter -->
<testsuite ignored="0" hostname="Adi_laptop" failures="0" tests="4" name="Default test" time="11.672" errors="0" timestamp="2024-09-18T11:35:35 IST">
  <testcase classname="DataProviderDemo" name="Flipkart" time="1.661"/>
  <testcase classname="DataProviderDemo" name="Flipkart" time="3.142"/>
  <testcase classname="DataProviderDemo" name="Flipkart" time="8.792"/>
  <testcase classname="DataProviderDemo" name="Flipkart" time="9.793"/>
</testsuite> <!-- Default test -->
