<?xml version="1.0" encoding="UTF-8"?>
<!-- Generated by org.testng.reporters.JUnitXMLReporter -->
<testsuite ignored="0" hostname="Adi_laptop" failures="0" tests="4" name="1" time="7.264" errors="0" timestamp="2024-08-26T23:31:47 IST">
  <testcase classname="TestNgDemo" name="Google" time="2.337"/>
  <testcase classname="TestNgDemo" name="amazon" time="3.216"/>
  <testcase classname="TestNgDemo" name="facebook" time="3.804"/>
  <testcase classname="TestNgDemo" name="Flipkart" time="5.296"/>
</testsuite> <!-- 1 -->
