<?xml version="1.0" encoding="UTF-8"?>
<!-- Generated by org.testng.reporters.JUnitXMLReporter -->
<testsuite ignored="0" hostname="Adi_laptop" failures="0" tests="4" name="Datta" time="12.122" errors="0" timestamp="2024-08-26T23:36:33 IST">
  <testcase classname="TestNgDemo" name="amazon" time="0.962"/>
  <testcase classname="TestNgDemo" name="Google" time="1.942"/>
  <testcase classname="TestNgDemo" name="facebook" time="2.442"/>
  <testcase classname="TestNgDemo" name="Flipkart" time="4.204"/>
</testsuite> <!-- Datta -->
