<?xml version="1.0" encoding="UTF-8"?>
<!-- Generated by org.testng.reporters.JUnitXMLReporter -->
<testsuite ignored="0" hostname="Adi_laptop" failures="0" tests="4" name="Test" time="16.732" errors="0" timestamp="2024-08-26T23:16:52 IST">
  <testcase classname="TestNgDemo" name="Flipkart" time="2.088"/>
  <testcase classname="TestNgDemo" name="amazon" time="1.335"/>
  <testcase classname="TestNgDemo2" name="Flipkart" time="7.0"/>
  <testcase classname="TestNgDemo2" name="amazon" time="6.482"/>
</testsuite> <!-- Test -->
