<?xml version="1.0" encoding="UTF-8"?>
<testng-results ignored="0" total="1" passed="1" failed="0" skipped="0">
  <reporter-output>
  </reporter-output>
  <suite started-at="2025-07-11T19:04:58 IST" name="Default suite" finished-at="2025-07-11T19:05:05 IST" duration-ms="6992">
    <groups>
    </groups>
    <test started-at="2025-07-11T19:04:58 IST" name="Default test" finished-at="2025-07-11T19:05:05 IST" duration-ms="6992">
      <class name="Runner.TestNGDemo">
        <test-method signature="T1()[pri:0, instance:Runner.TestNGDemo@82de64a]" started-at="2025-07-11T19:04:58 IST" name="T1" finished-at="2025-07-11T19:05:05 IST" duration-ms="6924" status="PASS">
          <reporter-output>
          </reporter-output>
        </test-method> <!-- T1 -->
      </class> <!-- Runner.TestNGDemo -->
    </test> <!-- Default test -->
  </suite> <!-- Default suite -->
</testng-results>
